0001   0000             ;Input		: 00A0H <- divider
0002   0000             ;		  00B0H <- dividend
0003   0000             ;Output		: 00C0H <- remainder
0004   0000             ;		  00D0H <- quotient
0005   0000 2A A0 00    	LHLD 00A0H
0006   0003 EB          	XCHG 			;DE <- divider/remainder
0007   0004 2A B0 00    	LHLD 00B0H		;HL <- dividend
0008   0007 01 00 00    	LXI B, 0000H		;BC <- quotient
0009   000A 7C          LOOP:	MOV A, H
0010   000B BA          	CMP D
0011   000C DA 21 00    	JC END			;if H<D break
0012   000F C2 17 00    	JNZ CONT		;if H>D cntinue
0013   0012 7D          	MOV A, L
0014   0013 BB          	CMP E
0015   0014 DA 21 00    	JC END			;if L<E break
0016   0017 7D          CONT:	MOV A, L
0017   0018 93          	SUB E
0018   0019 6F          	MOV L, A
0019   001A 7C          	MOV A, H
0020   001B 9A          	SBB D
0021   001C 67          	MOV H, A
0022   001D 03          	INX B
0023   001E C3 0A 00    	JMP LOOP
0024   0021 22 C0 00    END:	SHLD 00C0H
0025   0024 60          	MOV H, B
0026   0025 69          	MOV L, C
0027   0026 22 D0 00    	SHLD 00D0H
0028   0029 76          	HLT
Number of errors = 0
