0001   0000 3A A0 00    	LDA 00A0H
0002   0003 5F          	MOV E,A
0003   0004 0E 03       	MVI C,03H
0004   0006 0D          	DCR C
0005   0007 7B          LOOP1:	MOV A,E
0006   0008 3D          	DCR A
0007   0009 47          	MOV B,A
0008   000A 21 A1 00    	LXI H,00A1H
0009   000D 7E          LOOP2:	MOV A,M
0010   000E 23          	INX H
0011   000F 56          	MOV D,M
0012   0010 BA          	CMP D
0013   0011 D2 18 00    	JNC SWAP
0014   0014 2B          	DCX H
0015   0015 C3 1B 00    	JMP ENDIF
0016   0018 77          SWAP:	MOV M,A
0017   0019 2B          	DCX H
0018   001A 72          	MOV M,D
0019   001B 23          ENDIF:	INX H
0020   001C 05          	DCR B
0021   001D C2 0D 00    	JNZ LOOP2
0022   0020 0D          	DCR C
0023   0021 C2 07 00    	JNZ LOOP1
0024   0024 7B          	MOV A,E
0025   0025 D6 03       	SUI 03H
0026   0027 16 00       	MVI D,00H
0027   0029 5F          	MOV E,A
0028   002A 21 A1 00    	LXI H,00A1H
0029   002D 19          	DAD D
0030   002E 7E          	MOV A,M
0031   002F 32 B0 00    	STA 00B0H
0032   0032 76          	HLT
Number of errors = 0
