0001   0000 3A A0 00    	LDA 00A0H
0002   0003 47          	MOV B,A
0003   0004 1F          	RAR			;4 bit right shift
0004   0005 1F          	RAR
0005   0006 1F          	RAR
0006   0007 1F          	RAR
0007   0008 E6 0F       	ANI 0FH
0008   000A A8          	XRA B
0009   000B 47          	MOV B,A
0010   000C 1F          	RAR			;2 bit right shift
0011   000D 1F          	RAR
0012   000E E6 3F       	ANI 3FH
0013   0010 A8          	XRA B
0014   0011 47          	MOV B,A
0015   0012 1F          	RAR			;1 bit right shift
0016   0013 E6 7F       	ANI 7FH
0017   0015 A8          	XRA B
0018   0016 32 B0 00    	STA 00B0H
0019   0019 76          	HLT
Number of errors = 0
