0001   0000 21 A0 00    	LXI H, 00A0H
0002   0003 4E          	MOV C, M
0003   0004 06 00       	MVI B, 00H
0004   0006 16 00       	MVI D, 00H
0005   0008 1E 00       	MVI E, 00H
0006   000A 23          LOOP:	INX H
0007   000B 7E          	MOV A, M
0008   000C 83          	ADD E
0009   000D 5F          	MOV E, A
0010   000E 23          	INX H
0011   000F 7E          	MOV A, M
0012   0010 8A          	ADC D
0013   0011 57          	MOV D, A
0014   0012 3E 00       	MVI A, 00H
0015   0014 88          	ADC B
0016   0015 47          	MOV B, A
0017   0016 0D          	DCR C
0018   0017 C2 0A 00    	JNZ LOOP
0019   001A 32 B2 00    	STA 00B2H
0020   001D 7A          	MOV A, D
0021   001E 32 B1 00    	STA 00B1H
0022   0021 7B          	MOV A, E
0023   0022 32 B0 00    	STA 00B0H
0024   0025 76          	HLT
Number of errors = 0
