0001   0000             ;COUNT NUMBER ZEROS, POSITIVES, NEGATIVES
0002   0000             ;INPUT	: 00A0H
0003   0000             ;OUTPUT	: 00B0H <- NUMBER OF ZEROS
0004   0000             ;	  00B1H <- NUMBER OF POSITIVE
0005   0000             ;	  00B2H <- NUMBER OF NEGATIVE
0006   0000 21 A0 00    	LXI H, 00A0H
0007   0003 4E          	MOV C, M		;C <- NUMBER OF DATA
0008   0004 23          	INX H
0009   0005 06 00       	MVI B, 00H		;B <- NUMBER OF ZEROS
0010   0007 16 00       	MVI D, 00H		;D <- NUMBER OF POSITIVES
0011   0009 1E 00       	MVI E, 00H		;E <- NUMBER OF NEGATIVES
0012   000B 7E          L1:	MOV A, M
0013   000C C6 00       	ADI 00H
0014   000E CA 1D 00    	JZ ZERO
0015   0011 07          	RLC
0016   0012 DA 19 00    	JC NEG
0017   0015 14          	INR D
0018   0016 C3 1E 00    	JMP L1_END
0019   0019 1C          NEG:	INR E
0020   001A C3 1E 00    	JMP L1_END
0021   001D 04          ZERO:	INR B
0022   001E 23          L1_END:	INX H
0023   001F 0D          	DCR C
0024   0020 C2 0B 00    	JNZ L1
0025   0023 78          	MOV A, B
0026   0024 32 B0 00    	STA 00B0H
0027   0027 7A          	MOV A, D
0028   0028 32 B1 00    	STA 00B1H
0029   002B 7B          	MOV A, E
0030   002C 32 B2 00    	STA 00B2H
0031   002F 76          	HLT
Number of errors = 0
