0001   0000 21 A0 00    	LXI H,00A0H
0002   0003 4E          	MOV C,M
0003   0004 0D          	DCR C
0004   0005 41          LOOP1:	MOV B,C
0005   0006 21 A1 00    	LXI H,00A1H
0006   0009 7E          LOOP2:	MOV A,M
0007   000A 23          	INX H
0008   000B 56          	MOV D,M
0009   000C BA          	CMP D
0010   000D D2 14 00    	JNC SWAP
0011   0010 2B          	DCX H
0012   0011 C3 17 00    	JMP ENDIF
0013   0014 77          SWAP:	MOV M,A
0014   0015 2B          	DCX H
0015   0016 72          	MOV M,D
0016   0017 23          ENDIF:	INX H
0017   0018 05          	DCR B
0018   0019 C2 09 00    	JNZ LOOP2
0019   001C 0D          	DCR C
0020   001D C2 05 00    	JNZ LOOP1
0021   0020 76          	HLT
Number of errors = 0
