0001   0000 3A A0 00    	LDA 00A0H
0002   0003 4F          	MOV C,A		;C=Number of data
0003   0004 11 B0 00    	LXI D,00B0H	;DE=Input address
0004   0007 21 B5 00    	LXI H,00B5H	;HL=Output address
0005   000A 06 00       	MVI B,00H
0006   000C 0D          	DCR C
0007   000D 09          	DAD B
0008   000E EB          	XCHG
0009   000F 09          	DAD B
0010   0010 0C          	INR C
0011   0011 7E          LOOP:	MOV A,M
0012   0012 EB          	XCHG
0013   0013 77          	MOV M,A
0014   0014 EB          	XCHG
0015   0015 2B          	DCX H
0016   0016 1B          	DCX D
0017   0017 0D          	DCR C
0018   0018 C2 11 00    	JNZ LOOP
0019   001B 76          	HLT
Number of errors = 0
